This is pdfTeX, Version 3.14159265-2.6-1.40.21 (MiKTeX 2.9.7300 64-bit) (preloaded format=pdflatex 2020.3.6)  21 APR 2020 09:19
entering extended mode
**./P2-rapport.tex
(P2-rapport.tex
LaTeX2e <2020-02-02> patch level 3
L3 programming layer <2020-02-21>
("C:\Users\magnu\AppData\Local\Programs\MiKTeX 2.9\tex/latex/base\book.cls"
Document Class: book 2019/12/20 v1.4l Standard LaTeX document class
("C:\Users\magnu\AppData\Local\Programs\MiKTeX 2.9\tex/latex/base\bk10.clo"
File: bk10.clo 2019/12/20 v1.4l Standard LaTeX file (size option)
)
\c@part=\count167
\c@chapter=\count168
\c@section=\count169
\c@subsection=\count170
\c@subsubsection=\count171
\c@paragraph=\count172
\c@subparagraph=\count173
\c@figure=\count174
\c@table=\count175
\abovecaptionskip=\skip47
\belowcaptionskip=\skip48
\bibindent=\dimen134
)
("C:\Users\magnu\AppData\Local\Programs\MiKTeX 2.9\tex/latex/lm\lmodern.sty"
Package: lmodern 2009/10/30 v1.6 Latin Modern Fonts
LaTeX Font Info:    Overwriting symbol font `operators' in version `normal'
(Font)                  OT1/cmr/m/n --> OT1/lmr/m/n on input line 22.
LaTeX Font Info:    Overwriting symbol font `letters' in version `normal'
(Font)                  OML/cmm/m/it --> OML/lmm/m/it on input line 23.
LaTeX Font Info:    Overwriting symbol font `symbols' in version `normal'
(Font)                  OMS/cmsy/m/n --> OMS/lmsy/m/n on input line 24.
LaTeX Font Info:    Overwriting symbol font `largesymbols' in version `normal'
(Font)                  OMX/cmex/m/n --> OMX/lmex/m/n on input line 25.
LaTeX Font Info:    Overwriting symbol font `operators' in version `bold'
(Font)                  OT1/cmr/bx/n --> OT1/lmr/bx/n on input line 26.
LaTeX Font Info:    Overwriting symbol font `letters' in version `bold'
(Font)                  OML/cmm/b/it --> OML/lmm/b/it on input line 27.
LaTeX Font Info:    Overwriting symbol font `symbols' in version `bold'
(Font)                  OMS/cmsy/b/n --> OMS/lmsy/b/n on input line 28.
LaTeX Font Info:    Overwriting symbol font `largesymbols' in version `bold'
(Font)                  OMX/cmex/m/n --> OMX/lmex/m/n on input line 29.
LaTeX Font Info:    Overwriting math alphabet `\mathbf' in version `normal'
(Font)                  OT1/cmr/bx/n --> OT1/lmr/bx/n on input line 31.
LaTeX Font Info:    Overwriting math alphabet `\mathsf' in version `normal'
(Font)                  OT1/cmss/m/n --> OT1/lmss/m/n on input line 32.
LaTeX Font Info:    Overwriting math alphabet `\mathit' in version `normal'
(Font)                  OT1/cmr/m/it --> OT1/lmr/m/it on input line 33.
LaTeX Font Info:    Overwriting math alphabet `\mathtt' in version `normal'
(Font)                  OT1/cmtt/m/n --> OT1/lmtt/m/n on input line 34.
LaTeX Font Info:    Overwriting math alphabet `\mathbf' in version `bold'
(Font)                  OT1/cmr/bx/n --> OT1/lmr/bx/n on input line 35.
LaTeX Font Info:    Overwriting math alphabet `\mathsf' in version `bold'
(Font)                  OT1/cmss/bx/n --> OT1/lmss/bx/n on input line 36.
LaTeX Font Info:    Overwriting math alphabet `\mathit' in version `bold'
(Font)                  OT1/cmr/bx/it --> OT1/lmr/bx/it on input line 37.
LaTeX Font Info:    Overwriting math alphabet `\mathtt' in version `bold'
(Font)                  OT1/cmtt/m/n --> OT1/lmtt/m/n on input line 38.
)
("C:\Users\magnu\AppData\Local\Programs\MiKTeX 2.9\tex/latex/amsfonts\amssymb.s
ty"
Package: amssymb 2013/01/14 v3.01 AMS font symbols

("C:\Users\magnu\AppData\Local\Programs\MiKTeX 2.9\tex/latex/amsfonts\amsfonts.
sty"
Package: amsfonts 2013/01/14 v3.01 Basic AMSFonts support
\@emptytoks=\toks14
\symAMSa=\mathgroup4
\symAMSb=\mathgroup5
LaTeX Font Info:    Redeclaring math symbol \hbar on input line 98.
LaTeX Font Info:    Overwriting math alphabet `\mathfrak' in version `bold'
(Font)                  U/euf/m/n --> U/euf/b/n on input line 106.
))
("C:\Users\magnu\AppData\Local\Programs\MiKTeX 2.9\tex/latex/amsmath\amsmath.st
y"
Package: amsmath 2020/01/20 v2.17e AMS math features
\@mathmargin=\skip49

For additional information on amsmath, use the `?' option.

("C:\Users\magnu\AppData\Local\Programs\MiKTeX 2.9\tex/latex/amsmath\amstext.st
y"
Package: amstext 2000/06/29 v2.01 AMS text

("C:\Users\magnu\AppData\Local\Programs\MiKTeX 2.9\tex/latex/amsmath\amsgen.sty
"
File: amsgen.sty 1999/11/30 v2.0 generic functions
\@emptytoks=\toks15
\ex@=\dimen135
))
("C:\Users\magnu\AppData\Local\Programs\MiKTeX 2.9\tex/latex/amsmath\amsbsy.sty
"
Package: amsbsy 1999/11/29 v1.2d Bold Symbols
\pmbraise@=\dimen136
)
("C:\Users\magnu\AppData\Local\Programs\MiKTeX 2.9\tex/latex/amsmath\amsopn.sty
"
Package: amsopn 2016/03/08 v2.02 operator names
)
\inf@bad=\count176
LaTeX Info: Redefining \frac on input line 227.
\uproot@=\count177
\leftroot@=\count178
LaTeX Info: Redefining \overline on input line 389.
\classnum@=\count179
\DOTSCASE@=\count180
LaTeX Info: Redefining \ldots on input line 486.
LaTeX Info: Redefining \dots on input line 489.
LaTeX Info: Redefining \cdots on input line 610.
\Mathstrutbox@=\box45
\strutbox@=\box46
\big@size=\dimen137
LaTeX Font Info:    Redeclaring font encoding OML on input line 733.
LaTeX Font Info:    Redeclaring font encoding OMS on input line 734.
\macc@depth=\count181
\c@MaxMatrixCols=\count182
\dotsspace@=\muskip16
\c@parentequation=\count183
\dspbrk@lvl=\count184
\tag@help=\toks16
\row@=\count185
\column@=\count186
\maxfields@=\count187
\andhelp@=\toks17
\eqnshift@=\dimen138
\alignsep@=\dimen139
\tagshift@=\dimen140
\tagwidth@=\dimen141
\totwidth@=\dimen142
\lineht@=\dimen143
\@envbody=\toks18
\multlinegap=\skip50
\multlinetaggap=\skip51
\mathdisplay@stack=\toks19
LaTeX Info: Redefining \[ on input line 2859.
LaTeX Info: Redefining \] on input line 2860.
)
("C:\Users\magnu\AppData\Local\Programs\MiKTeX 2.9\tex/generic/iftex\ifxetex.st
y"
Package: ifxetex 2019/10/25 v0.7 ifxetex legacy package. Use iftex instead.

("C:\Users\magnu\AppData\Local\Programs\MiKTeX 2.9\tex/generic/iftex\iftex.sty"
Package: iftex 2019/11/07 v1.0c TeX engine tests
))
("C:\Users\magnu\AppData\Local\Programs\MiKTeX 2.9\tex/generic/iftex\ifluatex.s
ty"
Package: ifluatex 2019/10/25 v1.5 ifluatex legacy package. Use iftex instead.
)
("C:\Users\magnu\AppData\Local\Programs\MiKTeX 2.9\tex/latex/base\fontenc.sty"
Package: fontenc 2020/02/11 v2.0o Standard LaTeX package
LaTeX Font Info:    Trying to load font information for T1+lmr on input line 11
2.

("C:\Users\magnu\AppData\Local\Programs\MiKTeX 2.9\tex/latex/lm\t1lmr.fd"
File: t1lmr.fd 2009/10/30 v1.6 Font defs for Latin Modern
))
("C:\Users\magnu\AppData\Local\Programs\MiKTeX 2.9\tex/latex/base\inputenc.sty"
Package: inputenc 2018/08/11 v1.3c Input encoding file
\inpenc@prehook=\toks20
\inpenc@posthook=\toks21
) ("C:\Users\magnu\AppData\Local\Programs\MiKTeX 2.9\tex/latex/base\textcomp.st
y"
Package: textcomp 2020/02/02 v2.0n Standard LaTeX package
)
("C:\Users\magnu\AppData\Local\Programs\MiKTeX 2.9\tex/latex/upquote\upquote.st
y"
Package: upquote 2012/04/19 v1.3 upright-quote and grave-accent glyphs in verba
tim
)
("C:\Users\magnu\AppData\Local\Programs\MiKTeX 2.9\tex/latex/microtype\microtyp
e.sty"
Package: microtype 2019/11/18 v2.7d Micro-typographical refinements (RS)

("C:\Users\magnu\AppData\Local\Programs\MiKTeX 2.9\tex/latex/graphics\keyval.st
y"
Package: keyval 2014/10/28 v1.15 key=value parser (DPC)
\KV@toks@=\toks22
)
\MT@toks=\toks23
\MT@count=\count188
LaTeX Info: Redefining \textls on input line 790.
\MT@outer@kern=\dimen144
LaTeX Info: Redefining \textmicrotypecontext on input line 1354.
\MT@listname@count=\count189

("C:\Users\magnu\AppData\Local\Programs\MiKTeX 2.9\tex/latex/microtype\microtyp
e-pdftex.def"
File: microtype-pdftex.def 2019/11/18 v2.7d Definitions specific to pdftex (RS)

LaTeX Info: Redefining \lsstyle on input line 914.
LaTeX Info: Redefining \lslig on input line 914.
\MT@outer@space=\skip52
)
Package microtype Info: Loading configuration file microtype.cfg.

("C:\Users\magnu\AppData\Local\Programs\MiKTeX 2.9\tex/latex/microtype\microtyp
e.cfg"
File: microtype.cfg 2019/11/18 v2.7d microtype main configuration file (RS)
))
("C:\Users\magnu\AppData\Local\Programs\MiKTeX 2.9\tex/latex/parskip\parskip.st
y"
Package: parskip 2020-01-22 v2.0d non-zero parskip adjustments

("C:\Users\magnu\AppData\Local\Programs\MiKTeX 2.9\tex/latex/kvoptions\kvoption
s.sty"
Package: kvoptions 2019/11/29 v3.13 Key value format for package options (HO)

("C:\Users\magnu\AppData\Local\Programs\MiKTeX 2.9\tex/generic/ltxcmds\ltxcmds.
sty"
Package: ltxcmds 2019/12/15 v1.24 LaTeX kernel commands for general use (HO)
)
("C:\Users\magnu\AppData\Local\Programs\MiKTeX 2.9\tex/generic/kvsetkeys\kvsetk
eys.sty"
Package: kvsetkeys 2019/12/15 v1.18 Key value parser (HO)
))
("C:\Users\magnu\AppData\Local\Programs\MiKTeX 2.9\tex/latex/etoolbox\etoolbox.
sty"
Package: etoolbox 2019/09/21 v2.5h e-TeX tools for LaTeX (JAW)
\etb@tempcnta=\count190
))
("C:\Users\magnu\AppData\Local\Programs\MiKTeX 2.9\tex/latex/xcolor\xcolor.sty"
Package: xcolor 2016/05/11 v2.12 LaTeX color extensions (UK)

("C:\Users\magnu\AppData\Local\Programs\MiKTeX 2.9\tex/latex/graphics-cfg\color
.cfg"
File: color.cfg 2016/01/02 v1.6 sample color configuration
)
Package xcolor Info: Driver file: pdftex.def on input line 225.

("C:\Users\magnu\AppData\Local\Programs\MiKTeX 2.9\tex/latex/graphics-def\pdfte
x.def"
File: pdftex.def 2018/01/08 v1.0l Graphics/color driver for pdftex
)
Package xcolor Info: Model `cmy' substituted by `cmy0' on input line 1348.
Package xcolor Info: Model `hsb' substituted by `rgb' on input line 1352.
Package xcolor Info: Model `RGB' extended on input line 1364.
Package xcolor Info: Model `HTML' substituted by `rgb' on input line 1366.
Package xcolor Info: Model `Hsb' substituted by `hsb' on input line 1367.
Package xcolor Info: Model `tHsb' substituted by `hsb' on input line 1368.
Package xcolor Info: Model `HSB' substituted by `hsb' on input line 1369.
Package xcolor Info: Model `Gray' substituted by `gray' on input line 1370.
Package xcolor Info: Model `wave' substituted by `hsb' on input line 1371.
)
("C:\Users\magnu\AppData\Local\Programs\MiKTeX 2.9\tex/latex/xurl\xurl.sty"
Package: xurl 2020/01/24 v 0.09 modify URL breaks

("C:\Users\magnu\AppData\Local\Programs\MiKTeX 2.9\tex/latex/url\url.sty"
\Urlmuskip=\muskip17
Package: url 2013/09/16  ver 3.4  Verb mode for urls, etc.
))
("C:\Users\magnu\AppData\Local\Programs\MiKTeX 2.9\tex/latex/bookmark\bookmark.
sty"
Package: bookmark 2019/12/03 v1.28 PDF bookmarks (HO)

("C:\Users\magnu\AppData\Local\Programs\MiKTeX 2.9\tex/latex/hyperref\hyperref.
sty"
Package: hyperref 2020/01/14 v7.00d Hypertext links for LaTeX

("C:\Users\magnu\AppData\Local\Programs\MiKTeX 2.9\tex/latex/pdftexcmds\pdftexc
mds.sty"
Package: pdftexcmds 2019/11/24 v0.31 Utility functions of pdfTeX for LuaTeX (HO
)

("C:\Users\magnu\AppData\Local\Programs\MiKTeX 2.9\tex/generic/infwarerr\infwar
err.sty"
Package: infwarerr 2019/12/03 v1.5 Providing info/warning/error messages (HO)
)
Package pdftexcmds Info: \pdf@primitive is available.
Package pdftexcmds Info: \pdf@ifprimitive is available.
Package pdftexcmds Info: \pdfdraftmode found.
)
("C:\Users\magnu\AppData\Local\Programs\MiKTeX 2.9\tex/generic/kvdefinekeys\kvd
efinekeys.sty"
Package: kvdefinekeys 2019-12-19 v1.6 Define keys (HO)
)
("C:\Users\magnu\AppData\Local\Programs\MiKTeX 2.9\tex/generic/pdfescape\pdfesc
ape.sty"
Package: pdfescape 2019/12/09 v1.15 Implements pdfTeX's escape features (HO)
)
("C:\Users\magnu\AppData\Local\Programs\MiKTeX 2.9\tex/latex/hycolor\hycolor.st
y"
Package: hycolor 2020-01-27 v1.10 Color options for hyperref/bookmark (HO)
)
("C:\Users\magnu\AppData\Local\Programs\MiKTeX 2.9\tex/latex/letltxmacro\letltx
macro.sty"
Package: letltxmacro 2019/12/03 v1.6 Let assignment for LaTeX macros (HO)
)
("C:\Users\magnu\AppData\Local\Programs\MiKTeX 2.9\tex/latex/auxhook\auxhook.st
y"
Package: auxhook 2019-12-17 v1.6 Hooks for auxiliary files (HO)
)
\@linkdim=\dimen145
\Hy@linkcounter=\count191
\Hy@pagecounter=\count192

("C:\Users\magnu\AppData\Local\Programs\MiKTeX 2.9\tex/latex/hyperref\pd1enc.de
f"
File: pd1enc.def 2020/01/14 v7.00d Hyperref: PDFDocEncoding definition (HO)
Now handling font encoding PD1 ...
... no UTF-8 mapping file for font encoding PD1
)
("C:\Users\magnu\AppData\Local\Programs\MiKTeX 2.9\tex/generic/intcalc\intcalc.
sty"
Package: intcalc 2019/12/15 v1.3 Expandable calculations with integers (HO)
)
("C:\Users\magnu\AppData\Local\Programs\MiKTeX 2.9\tex/generic/etexcmds\etexcmd
s.sty"
Package: etexcmds 2019/12/15 v1.7 Avoid name clashes with e-TeX commands (HO)
)
\Hy@SavedSpaceFactor=\count193
Package hyperref Info: Option `unicode' set `true' on input line 4421.

("C:\Users\magnu\AppData\Local\Programs\MiKTeX 2.9\tex/latex/hyperref\puenc.def
"
File: puenc.def 2020/01/14 v7.00d Hyperref: PDF Unicode definition (HO)
Now handling font encoding PU ...
... no UTF-8 mapping file for font encoding PU
)
Package hyperref Info: Hyper figures OFF on input line 4547.
Package hyperref Info: Link nesting OFF on input line 4552.
Package hyperref Info: Hyper index ON on input line 4555.
Package hyperref Info: Plain pages OFF on input line 4562.
Package hyperref Info: Backreferencing OFF on input line 4567.
Package hyperref Info: Implicit mode ON; LaTeX internals redefined.
Package hyperref Info: Bookmarks ON on input line 4800.
\c@Hy@tempcnt=\count194
LaTeX Info: Redefining \url on input line 5159.
\XeTeXLinkMargin=\dimen146

("C:\Users\magnu\AppData\Local\Programs\MiKTeX 2.9\tex/generic/bitset\bitset.st
y"
Package: bitset 2019/12/09 v1.3 Handle bit-vector datatype (HO)

("C:\Users\magnu\AppData\Local\Programs\MiKTeX 2.9\tex/generic/bigintcalc\bigin
tcalc.sty"
Package: bigintcalc 2019/12/15 v1.5 Expandable calculations on big integers (HO
)
))
\Fld@menulength=\count195
\Field@Width=\dimen147
\Fld@charsize=\dimen148
Package hyperref Info: Hyper figures OFF on input line 6430.
Package hyperref Info: Link nesting OFF on input line 6435.
Package hyperref Info: Hyper index ON on input line 6438.
Package hyperref Info: backreferencing OFF on input line 6445.
Package hyperref Info: Link coloring OFF on input line 6450.
Package hyperref Info: Link coloring with OCG OFF on input line 6455.
Package hyperref Info: PDF/A mode OFF on input line 6460.
LaTeX Info: Redefining \ref on input line 6500.
LaTeX Info: Redefining \pageref on input line 6504.

("C:\Users\magnu\AppData\Local\Programs\MiKTeX 2.9\tex/generic/atbegshi\atbegsh
i.sty"
Package: atbegshi 2019/12/05 v1.19 At begin shipout hook (HO)
)
\Hy@abspage=\count196
\c@Item=\count197
\c@Hfootnote=\count198
)
Package hyperref Info: Driver (autodetected): hpdftex.

("C:\Users\magnu\AppData\Local\Programs\MiKTeX 2.9\tex/latex/hyperref\hpdftex.d
ef"
File: hpdftex.def 2020/01/14 v7.00d Hyperref driver for pdfTeX

("C:\Users\magnu\AppData\Local\Programs\MiKTeX 2.9\tex/latex/atveryend\atveryen
d.sty"
Package: atveryend 2019-12-11 v1.11 Hooks at the very end of document (HO)
)
\Fld@listcount=\count199
\c@bookmark@seq@number=\count266

("C:\Users\magnu\AppData\Local\Programs\MiKTeX 2.9\tex/latex/rerunfilecheck\rer
unfilecheck.sty"
Package: rerunfilecheck 2019/12/05 v1.9 Rerun checks for auxiliary files (HO)

("C:\Users\magnu\AppData\Local\Programs\MiKTeX 2.9\tex/generic/uniquecounter\un
iquecounter.sty"
Package: uniquecounter 2019/12/15 v1.4 Provide unlimited unique counter (HO)
)
Package uniquecounter Info: New unique counter `rerunfilecheck' on input line 2
86.
)
\Hy@SectionHShift=\skip53
)
("C:\Users\magnu\AppData\Local\Programs\MiKTeX 2.9\tex/latex/bookmark\bkm-pdfte
x.def"
File: bkm-pdftex.def 2019/12/03 v1.28 bookmark driver for pdfTeX (HO)
\BKM@id=\count267
))
("C:\Users\magnu\AppData\Local\Programs\MiKTeX 2.9\tex/latex/fancyvrb\fancyvrb.
sty"
Package: fancyvrb 2020/01/13 v3.5 verbatim text (tvz,hv)
\FV@CodeLineNo=\count268
\FV@InFile=\read2
\FV@TabBox=\box47
\c@FancyVerbLine=\count269
\FV@StepNumber=\count270
\FV@OutFile=\write3
)
("C:\Users\magnu\AppData\Local\Programs\MiKTeX 2.9\tex/latex/framed\framed.sty"
Package: framed 2011/10/22 v 0.96: framed or shaded text with page breaks
\OuterFrameSep=\skip54
\fb@frw=\dimen149
\fb@frh=\dimen150
\FrameRule=\dimen151
\FrameSep=\dimen152
)
("C:\Users\magnu\AppData\Local\Programs\MiKTeX 2.9\tex/latex/tools\longtable.st
y"
Package: longtable 2020/01/07 v4.13 Multi-page Table package (DPC)
\LTleft=\skip55
\LTright=\skip56
\LTpre=\skip57
\LTpost=\skip58
\LTchunksize=\count271
\LTcapwidth=\dimen153
\LT@head=\box48
\LT@firsthead=\box49
\LT@foot=\box50
\LT@lastfoot=\box51
\LT@cols=\count272
\LT@rows=\count273
\c@LT@tables=\count274
\c@LT@chunks=\count275
\LT@p@ftn=\toks24
)
("C:\Users\magnu\AppData\Local\Programs\MiKTeX 2.9\tex/latex/booktabs\booktabs.
sty"
Package: booktabs 2020/01/12 v1.61803398 Publication quality tables
\heavyrulewidth=\dimen154
\lightrulewidth=\dimen155
\cmidrulewidth=\dimen156
\belowrulesep=\dimen157
\belowbottomsep=\dimen158
\aboverulesep=\dimen159
\abovetopsep=\dimen160
\cmidrulesep=\dimen161
\cmidrulekern=\dimen162
\defaultaddspace=\dimen163
\@cmidla=\count276
\@cmidlb=\count277
\@aboverulesep=\dimen164
\@belowrulesep=\dimen165
\@thisruleclass=\count278
\@lastruleclass=\count279
\@thisrulewidth=\dimen166
)
("C:\Users\magnu\AppData\Local\Programs\MiKTeX 2.9\tex/latex/footnotehyper\foot
notehyper.sty"
Package: footnotehyper 2019/11/07 v1.1a hyperref aware footnote.sty (JFB)
\FNH@notes=\box52
\FNH@width=\dimen167
)
("C:\Users\magnu\AppData\Local\Programs\MiKTeX 2.9\tex/latex/graphics\graphicx.
sty"
Package: graphicx 2019/11/30 v1.2a Enhanced LaTeX Graphics (DPC,SPQR)

("C:\Users\magnu\AppData\Local\Programs\MiKTeX 2.9\tex/latex/graphics\graphics.
sty"
Package: graphics 2019/11/30 v1.4a Standard LaTeX Graphics (DPC,SPQR)

("C:\Users\magnu\AppData\Local\Programs\MiKTeX 2.9\tex/latex/graphics\trig.sty"
Package: trig 2016/01/03 v1.10 sin cos tan (DPC)
)
("C:\Users\magnu\AppData\Local\Programs\MiKTeX 2.9\tex/latex/graphics-cfg\graph
ics.cfg"
File: graphics.cfg 2016/06/04 v1.11 sample graphics configuration
)
Package graphics Info: Driver file: pdftex.def on input line 105.
)
\Gin@req@height=\dimen168
\Gin@req@width=\dimen169
)
("C:\Users\magnu\AppData\Local\Programs\MiKTeX 2.9\tex/latex/grffile\grffile.st
y"
Package: grffile 2019/11/11 v2.1 Extended file name support for graphics (legac
y)
Package grffile Info: This package is an empty stub for compatibility on input 
line 40.
)
("C:\Users\magnu\AppData\Local\Programs\MiKTeX 2.9\tex/latex/amscls\amsthm.sty"
Package: amsthm 2017/10/31 v2.20.4
\thm@style=\toks25
\thm@bodyfont=\toks26
\thm@headfont=\toks27
\thm@notefont=\toks28
\thm@headpunct=\toks29
\thm@preskip=\skip59
\thm@postskip=\skip60
\thm@headsep=\skip61
\dth@everypar=\toks30
) ("C:\Users\magnu\AppData\Local\Programs\MiKTeX 2.9\tex/latex/natbib\natbib.st
y"
Package: natbib 2010/09/13 8.31b (PWD, AO)
\bibhang=\skip62
\bibsep=\skip63
LaTeX Info: Redefining \cite on input line 694.
\c@NAT@ctr=\count280
)
\c@theorem=\count281
\c@lemma=\count282
\c@corollary=\count283
\c@proposition=\count284
\c@conjecture=\count285
\c@definition=\count286
\c@example=\count287
\c@exercise=\count288

("C:\Users\magnu\AppData\Local\Programs\MiKTeX 2.9\tex/latex/l3backend\l3backen
d-pdfmode.def"
File: l3backend-pdfmode.def 2020-02-23 L3 backend support: PDF mode
\l__kernel_color_stack_int=\count289
\l__pdf_internal_box=\box53
)
No file P2-rapport.aux.
\openout1 = `P2-rapport.aux'.

LaTeX Font Info:    Checking defaults for OML/cmm/m/it on input line 141.
LaTeX Font Info:    ... okay on input line 141.
LaTeX Font Info:    Checking defaults for OMS/cmsy/m/n on input line 141.
LaTeX Font Info:    ... okay on input line 141.
LaTeX Font Info:    Checking defaults for OT1/cmr/m/n on input line 141.
LaTeX Font Info:    ... okay on input line 141.
LaTeX Font Info:    Checking defaults for T1/cmr/m/n on input line 141.
LaTeX Font Info:    ... okay on input line 141.
LaTeX Font Info:    Checking defaults for TS1/cmr/m/n on input line 141.
LaTeX Font Info:    ... okay on input line 141.
LaTeX Font Info:    Checking defaults for OMX/cmex/m/n on input line 141.
LaTeX Font Info:    ... okay on input line 141.
LaTeX Font Info:    Checking defaults for U/cmr/m/n on input line 141.
LaTeX Font Info:    ... okay on input line 141.
LaTeX Font Info:    Checking defaults for PD1/pdf/m/n on input line 141.
LaTeX Font Info:    ... okay on input line 141.
LaTeX Font Info:    Checking defaults for PU/pdf/m/n on input line 141.
LaTeX Font Info:    ... okay on input line 141.
LaTeX Info: Redefining \microtypecontext on input line 141.
Package microtype Info: Generating PDF output.
Package microtype Info: Character protrusion enabled (level 2).
Package microtype Info: Using protrusion set `basicmath'.
Package microtype Info: Automatic font expansion enabled (level 2),
(microtype)             stretch: 20, shrink: 20, step: 1, non-selected.
Package microtype Info: Using default expansion set `basictext'.
LaTeX Info: Redefining \showhyphens on input line 141.
Package microtype Info: No adjustment of tracking.
Package microtype Info: No adjustment of interword spacing.
Package microtype Info: No adjustment of character kerning.

("C:\Users\magnu\AppData\Local\Programs\MiKTeX 2.9\tex/latex/microtype\mt-cmr.c
fg"
File: mt-cmr.cfg 2013/05/19 v2.2 microtype config. file: Computer Modern Roman 
(RS)
)
("C:\Users\magnu\AppData\Local\Programs\MiKTeX 2.9\tex/context/base/mkii\supp-p
df.mkii"
[Loading MPS to PDF converter (version 2006.09.02).]
\scratchcounter=\count290
\scratchdimen=\dimen170
\scratchbox=\box54
\nofMPsegments=\count291
\nofMParguments=\count292
\everyMPshowfont=\toks31
\MPscratchCnt=\count293
\MPscratchDim=\dimen171
\MPnumerator=\count294
\makeMPintoPDFobject=\count295
\everyMPtoPDFconversion=\toks32
)
("C:\Users\magnu\AppData\Local\Programs\MiKTeX 2.9\tex/latex/epstopdf-pkg\epsto
pdf-base.sty"
Package: epstopdf-base 2020-01-24 v2.11 Base part for package epstopdf
Package epstopdf-base Info: Redefining graphics rule for `.eps' on input line 4
85.
)
\AtBeginShipoutBox=\box55
Package hyperref Info: Link coloring OFF on input line 141.

("C:\Users\magnu\AppData\Local\Programs\MiKTeX 2.9\tex/latex/hyperref\nameref.s
ty"
Package: nameref 2019/09/16 v2.46 Cross-referencing by name of section

("C:\Users\magnu\AppData\Local\Programs\MiKTeX 2.9\tex/latex/refcount\refcount.
sty"
Package: refcount 2019/12/15 v3.6 Data extraction from label references (HO)
)
("C:\Users\magnu\AppData\Local\Programs\MiKTeX 2.9\tex/generic/gettitlestring\g
ettitlestring.sty"
Package: gettitlestring 2019/12/15 v1.6 Cleanup title references (HO)
)
\c@section@level=\count296
)
LaTeX Info: Redefining \ref on input line 141.
LaTeX Info: Redefining \pageref on input line 141.
LaTeX Info: Redefining \nameref on input line 141.
LaTeX Font Info:    Trying to load font information for OT1+lmr on input line 1
43.

("C:\Users\magnu\AppData\Local\Programs\MiKTeX 2.9\tex/latex/lm\ot1lmr.fd"
File: ot1lmr.fd 2009/10/30 v1.6 Font defs for Latin Modern
)
LaTeX Font Info:    Trying to load font information for OML+lmm on input line 1
43.

("C:\Users\magnu\AppData\Local\Programs\MiKTeX 2.9\tex/latex/lm\omllmm.fd"
File: omllmm.fd 2009/10/30 v1.6 Font defs for Latin Modern
)
LaTeX Font Info:    Trying to load font information for OMS+lmsy on input line 
143.

("C:\Users\magnu\AppData\Local\Programs\MiKTeX 2.9\tex/latex/lm\omslmsy.fd"
File: omslmsy.fd 2009/10/30 v1.6 Font defs for Latin Modern
)
LaTeX Font Info:    Trying to load font information for OMX+lmex on input line 
143.

("C:\Users\magnu\AppData\Local\Programs\MiKTeX 2.9\tex/latex/lm\omxlmex.fd"
File: omxlmex.fd 2009/10/30 v1.6 Font defs for Latin Modern
)
LaTeX Font Info:    External font `lmex10' loaded for size
(Font)              <12> on input line 143.
LaTeX Font Info:    External font `lmex10' loaded for size
(Font)              <8> on input line 143.
LaTeX Font Info:    External font `lmex10' loaded for size
(Font)              <6> on input line 143.
LaTeX Font Info:    Trying to load font information for U+msa on input line 143
.

("C:\Users\magnu\AppData\Local\Programs\MiKTeX 2.9\tex/latex/amsfonts\umsa.fd"
File: umsa.fd 2013/01/14 v3.01 AMS symbols A
)
("C:\Users\magnu\AppData\Local\Programs\MiKTeX 2.9\tex/latex/microtype\mt-msa.c
fg"
File: mt-msa.cfg 2006/02/04 v1.1 microtype config. file: AMS symbols (a) (RS)
)
LaTeX Font Info:    Trying to load font information for U+msb on input line 143
.

("C:\Users\magnu\AppData\Local\Programs\MiKTeX 2.9\tex/latex/amsfonts\umsb.fd"
File: umsb.fd 2013/01/14 v3.01 AMS symbols B
)
("C:\Users\magnu\AppData\Local\Programs\MiKTeX 2.9\tex/latex/microtype\mt-msb.c
fg"
File: mt-msb.cfg 2005/06/01 v1.0 microtype config. file: AMS symbols (b) (RS)
) [1


{C:/Users/magnu/AppData/Local/MiKTeX/2.9/pdftex/config/pdftex.map}]
[2

]
\tf@toc=\write4
\openout4 = `P2-rapport.toc'.

 [3] [4

]
Chapter 1.
[5] [6

]
Chapter 2.

Package natbib Warning: Citation `Orddef' on page 7 undefined on input line 175
.

LaTeX Font Info:    External font `lmex10' loaded for size
(Font)              <10> on input line 180.
LaTeX Font Info:    External font `lmex10' loaded for size
(Font)              <7> on input line 180.
LaTeX Font Info:    External font `lmex10' loaded for size
(Font)              <5> on input line 180.

Package natbib Warning: Citation `KarlPearsonbrit' on page 7 undefined on input
 line 180.


Package natbib Warning: Citation `Chiianden' on page 7 undefined on input line 
180.


Package natbib Warning: Citation `RonaldFisher' on page 7 undefined on input li
ne 183.

[7]

Package natbib Warning: Citation `ASTAbog' on page 8 undefined on input line 18
5.


Package natbib Warning: Citation `ASTAbog' on page 8 undefined on input line 18
7.


Package natbib Warning: Citation `ASTAkursus1' on page 8 undefined on input lin
e 192.


Package natbib Warning: Citation `ASTAkursus2' on page 8 undefined on input lin
e 192.


Package natbib Warning: Citation `ASTAkursus3' on page 8 undefined on input lin
e 192.

[8] [9] [10

]
Chapter 3.
[11]
<images/prngfordelingerDK.jpeg, id=88, 1449.415pt x 1038.88126pt>
File: images/prngfordelingerDK.jpeg Graphic file (type jpg)
<use images/prngfordelingerDK.jpeg>
Package pdftex.def Info: images/prngfordelingerDK.jpeg  used on input line 245.

(pdftex.def)             Requested size: 258.73816pt x 185.45291pt.


Package natbib Warning: Citation `PRNGintro' on page 12 undefined on input line
 252.


Package natbib Warning: Citation `LCGinfo' on page 12 undefined on input line 2
57.

[12 <./images/prngfordelingerDK.jpeg>]
<images/LCG_eksempel.png, id=102, 858.20625pt x 286.06876pt>
File: images/LCG_eksempel.png Graphic file (type png)
<use images/LCG_eksempel.png>
Package pdftex.def Info: images/LCG_eksempel.png  used on input line 275.
(pdftex.def)             Requested size: 258.7472pt x 86.24905pt.


Package natbib Warning: Citation `LCGsimu' on page 13 undefined on input line 2
86.

LaTeX Font Info:    Trying to load font information for T1+lmtt on input line 2
91.
("C:\Users\magnu\AppData\Local\Programs\MiKTeX 2.9\tex/latex/lm\t1lmtt.fd"
File: t1lmtt.fd 2009/10/30 v1.6 Font defs for Latin Modern
)
LaTeX Font Info:    Font shape `T1/lmtt/bx/n' in size <10> not available
(Font)              Font shape `T1/lmtt/b/n' tried instead on input line 292.

[13 <./images/LCG_eksempel.png>]

LaTeX Warning: File `P2-rapport_files/figure-latex/unnamed-chunk-6-1.pdf' not f
ound on input line 332.


! Package pdftex.def Error: File `P2-rapport_files/figure-latex/unnamed-chunk-6
-1.pdf' not found: using draft setting.

See the pdftex.def package documentation for explanation.
Type  H <return>  for immediate help.
 ...                                              
                                                  
l.332 ...files/figure-latex/unnamed-chunk-6-1.pdf}
                                                  
Try typing  <return>  to proceed.
If that doesn't work, type  X <return>  to quit.


LaTeX Warning: File `P2-rapport_files/figure-latex/unnamed-chunk-7-1.pdf' not f
ound on input line 345.


! Package pdftex.def Error: File `P2-rapport_files/figure-latex/unnamed-chunk-7
-1.pdf' not found: using draft setting.

See the pdftex.def package documentation for explanation.
Type  H <return>  for immediate help.
 ...                                              
                                                  
l.345 ...files/figure-latex/unnamed-chunk-7-1.pdf}
                                                  
Try typing  <return>  to proceed.
If that doesn't work, type  X <return>  to quit.


LaTeX Warning: File `P2-rapport_files/figure-latex/unnamed-chunk-8-1.pdf' not f
ound on input line 356.


! Package pdftex.def Error: File `P2-rapport_files/figure-latex/unnamed-chunk-8
-1.pdf' not found: using draft setting.

See the pdftex.def package documentation for explanation.
Type  H <return>  for immediate help.
 ...                                              
                                                  
l.356 ...files/figure-latex/unnamed-chunk-8-1.pdf}
                                                  
Try typing  <return>  to proceed.
If that doesn't work, type  X <return>  to quit.


Underfull \vbox (badness 10000) has occurred while \output is active []

 [14]
LaTeX Font Info:    Trying to load font information for TS1+lmtt on input line 
364.

("C:\Users\magnu\AppData\Local\Programs\MiKTeX 2.9\tex/latex/lm\ts1lmtt.fd"
File: ts1lmtt.fd 2009/10/30 v1.6 Font defs for Latin Modern
)

LaTeX Warning: File `P2-rapport_files/figure-latex/unnamed-chunk-9-1.pdf' not f
ound on input line 369.


! Package pdftex.def Error: File `P2-rapport_files/figure-latex/unnamed-chunk-9
-1.pdf' not found: using draft setting.

See the pdftex.def package documentation for explanation.
Type  H <return>  for immediate help.
 ...                                              
                                                  
l.369 ...files/figure-latex/unnamed-chunk-9-1.pdf}
                                                  
Try typing  <return>  to proceed.
If that doesn't work, type  X <return>  to quit.


Package natbib Warning: Citation `Box-Muller' on page 15 undefined on input lin
e 374.


Underfull \hbox (badness 1975) in paragraph at lines 386--387
[]\T1/lmr/m/n/10 (+20) I dette af-s-nit oprettes to nor-mal-fordelinger ved hjæ
lp af Box-Muller-
 []

[15]

LaTeX Warning: File `P2-rapport_files/figure-latex/unnamed-chunk-14-1.pdf' not 
found on input line 420.


! Package pdftex.def Error: File `P2-rapport_files/figure-latex/unnamed-chunk-1
4-1.pdf' not found: using draft setting.

See the pdftex.def package documentation for explanation.
Type  H <return>  for immediate help.
 ...                                              
                                                  
l.420 ...iles/figure-latex/unnamed-chunk-14-1.pdf}
                                                  
Try typing  <return>  to proceed.
If that doesn't work, type  X <return>  to quit.

[16]

LaTeX Warning: File `P2-rapport_files/figure-latex/unnamed-chunk-17-1.pdf' not 
found on input line 484.


! Package pdftex.def Error: File `P2-rapport_files/figure-latex/unnamed-chunk-1
7-1.pdf' not found: using draft setting.

See the pdftex.def package documentation for explanation.
Type  H <return>  for immediate help.
 ...                                              
                                                  
l.484 ...iles/figure-latex/unnamed-chunk-17-1.pdf}
                                                  
Try typing  <return>  to proceed.
If that doesn't work, type  X <return>  to quit.

[17]

Package natbib Warning: Citation `CambridgeSimulation' on page 18 undefined on 
input line 522.


Package natbib Warning: Citation `MercedesF1' on page 18 undefined on input lin
e 526.


Package natbib Warning: Citation `Rsimulation' on page 18 undefined on input li
ne 531.


Package natbib Warning: Citation `PRNG' on page 18 undefined on input line 534.


[18]
Overfull \hbox (38.24889pt too wide) in paragraph at lines 552--552
[]\T1/lmtt/m/n/10 ##  [1] -0.6264538  0.1836433 -0.8356286  1.5952808  0.329507
8 -0.8204684[] 
 []


Overfull \hbox (69.7488pt too wide) in paragraph at lines 581--581
[]\T1/lmtt/m/n/10 ##  [1] 1.265509 1.372124 1.572853 1.908208 1.201682 1.898390
 1.944675 1.660798[] 
 []

[19]
Overfull \hbox (38.24889pt too wide) in paragraph at lines 620--620
[]\T1/lmtt/m/n/10 ##  [1]  1.1654620  0.2109073 -0.6816605  0.3439100  1.159424
5 -0.8132443[] 
 []


Overfull \hbox (38.24889pt too wide) in paragraph at lines 667--667
[]\T1/lmtt/m/n/10 ##   [1]  0.025838777 -0.203406868 -0.018837976  0.124819713 
-0.164830739[] 
 []


Overfull \hbox (38.24889pt too wide) in paragraph at lines 667--667
[]\T1/lmtt/m/n/10 ##   [6]  0.333733810 -0.423105712 -0.184935071  0.032046950 
-0.166711138[] 
 []


Overfull \hbox (38.24889pt too wide) in paragraph at lines 667--667
[]\T1/lmtt/m/n/10 ##  [11]  0.128328946 -0.003149890  0.120181675  0.114612739 
 0.196252732[] 
 []


Overfull \hbox (38.24889pt too wide) in paragraph at lines 667--667
[]\T1/lmtt/m/n/10 ##  [16] -0.503558064 -0.057580606  0.448834352  0.302573714 
 0.349289426[] 
 []


Overfull \hbox (38.24889pt too wide) in paragraph at lines 667--667
[]\T1/lmtt/m/n/10 ##  [21]  0.042763308 -0.449645007 -0.567764002 -0.246353993 
 0.241230288[] 
 []


Overfull \hbox (38.24889pt too wide) in paragraph at lines 667--667
[]\T1/lmtt/m/n/10 ##  [26]  0.118362694  0.360972297 -0.502740430 -0.294227992 
 0.116454913[] 
 []


Overfull \hbox (38.24889pt too wide) in paragraph at lines 667--667
[]\T1/lmtt/m/n/10 ##  [31] -0.458241385  0.145491729  0.468018395 -0.336889894 
-0.033331555[] 
 []


Overfull \hbox (38.24889pt too wide) in paragraph at lines 667--667
[]\T1/lmtt/m/n/10 ##  [36]  0.003202705 -0.230521260  0.002509074 -0.104908678 
 0.577232470[] 
 []


Overfull \hbox (38.24889pt too wide) in paragraph at lines 667--667
[]\T1/lmtt/m/n/10 ##  [41]  0.405361935  0.571805412 -0.242967988 -0.070361799 
-0.204749550[] 
 []


Overfull \hbox (38.24889pt too wide) in paragraph at lines 667--667
[]\T1/lmtt/m/n/10 ##  [46]  0.529131107  0.123788480  0.428641140  0.421487366 
 0.296227471[] 
 []


Overfull \hbox (38.24889pt too wide) in paragraph at lines 667--667
[]\T1/lmtt/m/n/10 ##  [51] -0.021464536 -0.563489156 -0.096866861  0.011460957 
 0.490675566[] 
 []


Overfull \hbox (38.24889pt too wide) in paragraph at lines 667--667
[]\T1/lmtt/m/n/10 ##  [56]  0.118853950 -0.048831160 -0.433364372 -0.158288527 
 0.228563345[] 
 []

[20]
Overfull \hbox (38.24889pt too wide) in paragraph at lines 667--667
[]\T1/lmtt/m/n/10 ##  [61]  0.383487805 -0.348257409  0.251253782  0.071396170 
 0.263839481[] 
 []


Overfull \hbox (38.24889pt too wide) in paragraph at lines 667--667
[]\T1/lmtt/m/n/10 ##  [66] -0.659980071 -0.272080635 -0.065224329  0.133837717 
-0.278633082[] 
 []


Overfull \hbox (38.24889pt too wide) in paragraph at lines 667--667
[]\T1/lmtt/m/n/10 ##  [71] -0.543857905  0.066031905  0.675680619  0.172629193 
-0.132092862[] 
 []


Overfull \hbox (38.24889pt too wide) in paragraph at lines 667--667
[]\T1/lmtt/m/n/10 ##  [76]  0.269779598  0.150154779 -0.214823863 -0.098373108 
-0.102126967[] 
 []


Overfull \hbox (38.24889pt too wide) in paragraph at lines 667--667
[]\T1/lmtt/m/n/10 ##  [81] -0.350372760  0.502067558  0.111435486 -0.269840347 
 0.159325611[] 
 []


Overfull \hbox (38.24889pt too wide) in paragraph at lines 667--667
[]\T1/lmtt/m/n/10 ##  [86]  0.033092712 -0.180166957  0.284144813 -0.108679711 
 0.028228077[] 
 []


Overfull \hbox (38.24889pt too wide) in paragraph at lines 667--667
[]\T1/lmtt/m/n/10 ##  [91] -0.375649589 -0.224793309 -0.128662553  0.074568112 
 0.052000689[] 
 []


Overfull \hbox (38.24889pt too wide) in paragraph at lines 667--667
[]\T1/lmtt/m/n/10 ##  [96] -0.061919916  0.245951870  0.073717038 -0.297133939 
 0.034445758[] 
 []


Package natbib Warning: Citation `TDSBeta' on page 21 undefined on input line 6
86.


LaTeX Warning: Reference `fig:VSHS' on page 21 undefined on input line 701.


! LaTeX Error: File `P2-rapport_files/figure-latex/VSHS-1' not found.

See the LaTeX manual or LaTeX Companion for explanation.
Type  H <return>  for immediate help.
 ...                                              
                                                  
l.705 ...ics{P2-rapport_files/figure-latex/VSHS-1}
                                                  
I could not locate the file with any of these extensions:
.pdf,.png,.jpg,.mps,.jpeg,.jbig2,.jb2,.PDF,.PNG,.JPG,.JPEG,.JBIG2,.JB2,.eps
Try typing  <return>  to proceed.
If that doesn't work, type  X <return>  to quit.

[21] [22

]
Chapter 4.

Package natbib Warning: Citation `HvorforHYPO' on page 23 undefined on input li
ne 723.


LaTeX Warning: Reference `fig:figur-Hypotesetest' on page 23 undefined on input
 line 733.

<images/HippoHyppo.jpeg, id=169, 916.42375pt x 947.54pt>
File: images/HippoHyppo.jpeg Graphic file (type jpg)
<use images/HippoHyppo.jpeg>
Package pdftex.def Info: images/HippoHyppo.jpeg  used on input line 737.
(pdftex.def)             Requested size: 258.75035pt x 267.53596pt.
[23]

Package natbib Warning: Citation `ASTA-HYPO' on page 24 undefined on input line
 748.

[24 <./images/HippoHyppo.jpeg>]

! LaTeX Error: File `P2-rapport_files/figure-latex/unnamed-chunk-29-1' not foun
d.

See the LaTeX manual or LaTeX Companion for explanation.
Type  H <return>  for immediate help.
 ...                                              
                                                  
l.784 ...rt_files/figure-latex/unnamed-chunk-29-1}
                                                  
I could not locate the file with any of these extensions:
.pdf,.png,.jpg,.mps,.jpeg,.jbig2,.jb2,.PDF,.PNG,.JPG,.JPEG,.JBIG2,.JB2,.eps
Try typing  <return>  to proceed.
If that doesn't work, type  X <return>  to quit.

[25]

Package natbib Warning: Citation `Fejltyper' on page 26 undefined on input line
 823.

<images/Typefejl.png, id=193, 341.47575pt x 136.1085pt>
File: images/Typefejl.png Graphic file (type png)
<use images/Typefejl.png>
Package pdftex.def Info: images/Typefejl.png  used on input line 827.
(pdftex.def)             Requested size: 258.75311pt x 103.13614pt.

Underfull \hbox (badness 10000) in paragraph at lines 837--837
[]\T1/lmr/bx/n/14.4 Uparret t-test for ikke-normalfordelt
 []


LaTeX Warning: Reference `pop-sim' on page 26 undefined on input line 839.


! LaTeX Error: File `P2-rapport_files/figure-latex/figurpop1-1' not found.

See the LaTeX manual or LaTeX Companion for explanation.
Type  H <return>  for immediate help.
 ...                                              
                                                  
l.851 ...2-rapport_files/figure-latex/figurpop1-1}
                                                  
I could not locate the file with any of these extensions:
.pdf,.png,.jpg,.mps,.jpeg,.jbig2,.jb2,.PDF,.PNG,.JPG,.JPEG,.JBIG2,.JB2,.eps
Try typing  <return>  to proceed.
If that doesn't work, type  X <return>  to quit.


! LaTeX Error: File `P2-rapport_files/figure-latex/figurpop2-1' not found.

See the LaTeX manual or LaTeX Companion for explanation.
Type  H <return>  for immediate help.
 ...                                              
                                                  
l.860 ...2-rapport_files/figure-latex/figurpop2-1}
                                                  
I could not locate the file with any of these extensions:
.pdf,.png,.jpg,.mps,.jpeg,.jbig2,.jb2,.PDF,.PNG,.JPG,.JPEG,.JBIG2,.JB2,.eps
Try typing  <return>  to proceed.
If that doesn't work, type  X <return>  to quit.

[26 <./images/Typefejl.png>]

! LaTeX Error: File `P2-rapport_files/figure-latex/piettest-1' not found.

See the LaTeX manual or LaTeX Companion for explanation.
Type  H <return>  for immediate help.
 ...                                              
                                                  
l.897 ...P2-rapport_files/figure-latex/piettest-1}
                                                  
I could not locate the file with any of these extensions:
.pdf,.png,.jpg,.mps,.jpeg,.jbig2,.jb2,.PDF,.PNG,.JPG,.JPEG,.JBIG2,.JB2,.eps
Try typing  <return>  to proceed.
If that doesn't work, type  X <return>  to quit.

[27] [28

]
Chapter 5.

Package natbib Warning: Citation `Permutationer' on page 29 undefined on input 
line 921.


Package natbib Warning: Citation `Permutationstest' on page 29 undefined on inp
ut line 930.

[29] [30] [31]

Package natbib Warning: Citation `nonparaboot' on page 32 undefined on input li
ne 1029.


LaTeX Warning: Reference `fig:fig-boot-fordeling' on page 32 undefined on input
 line 1031.


Package natbib Warning: Citation `BootvsJack' on page 32 undefined on input lin
e 1031.


! LaTeX Error: File `P2-rapport_files/figure-latex/fig-boot-fordeling-1' not fo
und.

See the LaTeX manual or LaTeX Companion for explanation.
Type  H <return>  for immediate help.
 ...                                              
                                                  
l.1035 ...files/figure-latex/fig-boot-fordeling-1}
                                                  
I could not locate the file with any of these extensions:
.pdf,.png,.jpg,.mps,.jpeg,.jbig2,.jb2,.PDF,.PNG,.JPG,.JPEG,.JBIG2,.JB2,.eps
Try typing  <return>  to proceed.
If that doesn't work, type  X <return>  to quit.


Package natbib Warning: Citation `SAS' on page 32 undefined on input line 1044.


[32]

Package natbib Warning: Citation `BootYouTube1' on page 33 undefined on input l
ine 1046.


Package natbib Warning: Citation `BootYouTube1' on page 33 undefined on input l
ine 1046.

<images/normalvboot.png, id=245, 632.3625pt x 359.84438pt>
File: images/normalvboot.png Graphic file (type png)
<use images/normalvboot.png>
Package pdftex.def Info: images/normalvboot.png  used on input line 1052.
(pdftex.def)             Requested size: 258.74925pt x 147.24065pt.

Package natbib Warning: Citation `BootYouTube1' on page 33 undefined on input l
ine 1061.

[33 <./images/normalvboot.png>] [34

]
Chapter 6.

Package natbib Warning: Citation `TDSBootstrap' on page 35 undefined on input l
ine 1071.

[35]

Package natbib Warning: Citation `BootMiracle' on page 36 undefined on input li
ne 1087.


Package natbib Warning: Citation `BootKI' on page 36 undefined on input line 10
99.


Package natbib Warning: Citation `TPKI' on page 36 undefined on input line 1108
.

[36]

Package natbib Warning: Citation `BasicKI' on page 37 undefined on input line 1
164.

[37]

Package natbib Warning: Citation `TPKI' on page 38 undefined on input line 1195
.


LaTeX Warning: Reference `t-test' on page 38 undefined on input line 1224.

[38]

Package natbib Warning: Citation `Paired_test' on page 39 undefined on input li
ne 1247.


Package natbib Warning: Citation `Paired_test' on page 39 undefined on input li
ne 1249.


Package natbib Warning: Citation `Hypo_test' on page 39 undefined on input line
 1251.


LaTeX Warning: Command \o invalid in math mode on input line 1257.


LaTeX Warning: Command \o invalid in math mode on input line 1257.


LaTeX Warning: Command \o invalid in math mode on input line 1257.


LaTeX Warning: Command \o invalid in math mode on input line 1257.

[39]
Underfull \hbox (badness 2409) in paragraph at lines 1313--1314
\T1/lmr/m/n/10 (+20) Lad to uafhængige up-arrede stikprøver, $\OML/lmm/m/it/10 
X \OT1/lmr/m/n/10 (+20) = [\OML/lmm/m/it/10 x[];  []x[];  []:::;  []x[]\OT1/lmr
/m/n/10 (+20) ]$ \T1/lmr/m/n/10 (+20) og
 []

[40]

Package natbib Warning: Citation `BootHypo' on page 41 undefined on input line 
1319.


Package natbib Warning: Citation `Hypo_test' on page 41 undefined on input line
 1323.


LaTeX Warning: Command \o invalid in math mode on input line 1329.


LaTeX Warning: Command \o invalid in math mode on input line 1329.


LaTeX Warning: Command \o invalid in math mode on input line 1329.


LaTeX Warning: Command \o invalid in math mode on input line 1329.

[41] [42]
Chapter 7.
[43

] [44

]
Chapter 8.
[45] [46

]
Chapter 9.
No file P2-rapport.bbl.

Package natbib Warning: There were undefined citations.

Package atveryend Info: Empty hook `BeforeClearDocument' on input line 1397.
[47]
Package atveryend Info: Empty hook `AfterLastShipout' on input line 1397.
 (P2-rapport.aux)
Package atveryend Info: Executing hook `AtVeryEndDocument' on input line 1397.
Package atveryend Info: Empty hook `AtEndAfterFileList' on input line 1397.


LaTeX Warning: There were undefined references.


LaTeX Warning: Label(s) may have changed. Rerun to get cross-references right.

 ) 
Here is how much of TeX's memory you used:
 14243 strings out of 481545
 216890 string characters out of 2913489
 489229 words of memory out of 3000000
 28907 multiletter control sequences out of 15000+200000
 610909 words of font info for 149 fonts, out of 3000000 for 9000
 1141 hyphenation exceptions out of 8191
 41i,11n,42p,813b,467s stack positions out of 5000i,500n,10000p,200000b,50000s
{C:/Users/magnu/AppData/Local/Programs/MiKTeX 2.9/fonts/enc/dvips/lm/lm-rm.en
c}{C:/Users/magnu/AppData/Local/Programs/MiKTeX 2.9/fonts/enc/dvips/lm/lm-ec.en
c}{C:/Users/magnu/AppData/Local/Programs/MiKTeX 2.9/fonts/enc/dvips/lm/lm-mathi
t.enc}{C:/Users/magnu/AppData/Local/Programs/MiKTeX 2.9/fonts/enc/dvips/lm/lm-m
athex.enc}{C:/Users/magnu/AppData/Local/Programs/MiKTeX 2.9/fonts/enc/dvips/lm/
lm-ts1.enc}{C:/Users/magnu/AppData/Local/Programs/MiKTeX 2.9/fonts/enc/dvips/lm
/lm-mathsy.enc}<C:/Users/magnu/AppData/Local/Programs/MiKTeX 2.9/fonts/type1/pu
blic/lm/lmbx10.pfb><C:/Users/magnu/AppData/Local/Programs/MiKTeX 2.9/fonts/type
1/public/lm/lmbx12.pfb><C:/Users/magnu/AppData/Local/Programs/MiKTeX 2.9/fonts/
type1/public/lm/lmex10.pfb><C:/Users/magnu/AppData/Local/Programs/MiKTeX 2.9/fo
nts/type1/public/lm/lmmi10.pfb><C:/Users/magnu/AppData/Local/Programs/MiKTeX 2.
9/fonts/type1/public/lm/lmmi5.pfb><C:/Users/magnu/AppData/Local/Programs/MiKTeX
 2.9/fonts/type1/public/lm/lmmi7.pfb><C:/Users/magnu/AppData/Local/Programs/MiK
TeX 2.9/fonts/type1/public/lm/lmr10.pfb><C:/Users/magnu/AppData/Local/Programs/
MiKTeX 2.9/fonts/type1/public/lm/lmr12.pfb><C:/Users/magnu/AppData/Local/Progra
ms/MiKTeX 2.9/fonts/type1/public/lm/lmr17.pfb><C:/Users/magnu/AppData/Local/Pro
grams/MiKTeX 2.9/fonts/type1/public/lm/lmr5.pfb><C:/Users/magnu/AppData/Local/P
rograms/MiKTeX 2.9/fonts/type1/public/lm/lmr7.pfb><C:/Users/magnu/AppData/Local
/Programs/MiKTeX 2.9/fonts/type1/public/lm/lmri10.pfb><C:/Users/magnu/AppData/L
ocal/Programs/MiKTeX 2.9/fonts/type1/public/lm/lmro10.pfb><C:/Users/magnu/AppDa
ta/Local/Programs/MiKTeX 2.9/fonts/type1/public/lm/lmsy10.pfb><C:/Users/magnu/A
ppData/Local/Programs/MiKTeX 2.9/fonts/type1/public/lm/lmsy7.pfb><C:/Users/magn
u/AppData/Local/Programs/MiKTeX 2.9/fonts/type1/public/lm/lmtk10.pfb><C:/Users/
magnu/AppData/Local/Programs/MiKTeX 2.9/fonts/type1/public/lm/lmtt10.pfb><C:/Us
ers/magnu/AppData/Local/Programs/MiKTeX 2.9/fonts/type1/public/lm/lmtti10.pfb><
C:/Users/magnu/AppData/Local/Programs/MiKTeX 2.9/fonts/type1/public/amsfonts/sy
mbols/msbm10.pfb>
Output written on P2-rapport.pdf (47 pages, 930927 bytes).
PDF statistics:
 529 PDF objects out of 1000 (max. 8388607)
 162 named destinations out of 1000 (max. 500000)
 14578 words of extra memory for PDF output out of 17280 (max. 10000000)

